Arguments: 
  C:\Program Files\nodejs\node.exe C:\Users\tedst\AppData\Roaming\npm\node_modules\yarn\bin\yarn.js add @material-ui/core

PATH: 
  C:\Program Files\ARX-3.9.0\bin;C:\Program Files (x86)\Common Files\Intel\Shared Libraries\redist\intel64_win\compiler;C:\Program Files (x86)\Common Files\Intel\Shared Libraries\redist\intel64\compiler;C:\windows\system32;C:\windows;C:\windows\System32\Wbem;C:\windows\System32\WindowsPowerShell\v1.0\;C:\windows\System32\OpenSSH\;C:\Program Files (x86)\NVIDIA Corporation\PhysX\Common;C:\Program Files\NVIDIA Corporation\NVIDIA NvDLISR;C:\Program Files\Git\cmd;C:\ProgramData\chocolatey\bin;C:\Program Files\nodejs\;C:\Program Files\OpenJDK\openjdk-8u292-b10\bin;C:\Program Files\Amazon\AWSCLIV2\;C:\Program Files\Docker\Docker\resources\bin;C:\ProgramData\DockerDesktop\version-bin;C:\Users\tedst\anaconda3;C:\Users\tedst\anaconda3\Library\mingw-w64\bin;C:\Users\tedst\anaconda3\Library\usr\bin;C:\Users\tedst\anaconda3\Library\bin;C:\Users\tedst\anaconda3\Scripts;C:\Program Files\MySQL\MySQL Shell 8.0\bin\;C:\Users\tedst\AppData\Local\Programs\Python\Python39\Scripts\;C:\Users\tedst\AppData\Local\Programs\Python\Python39\;C:\Users\tedst\AppData\Local\Microsoft\WindowsApps;C:\Users\tedst\AppData\Local\Programs\Microsoft VS Code\bin;C:\Users\tedst\AppData\Roaming\Microsoft\Windows\Start Menu\Programs\Python 3.9;C:\Users\tedst\AppData\Local\atom\bin;C:\Users\tedst\Documents\Program Files;C:\Users\tedst\AppData\Local\Android\sdk\platform-tools;C:\Users\tedst\AppData\Local\Android\sdk\tools;C:\Users\tedst\AppData\Roaming\npm;C:\Program Files\heroku\bin;C:\Users\tedst\Documents\Avans\Jaar4\Dockercontainer\SmartGridAI\B4B Human Wellbeing Prediction\mlops\pipeline.py;

Yarn version: 
  1.22.10

Node version: 
  16.2.0

Platform: 
  win32 x64

Trace: 
  Error: EPERM: operation not permitted, unlink 'C:\Users\tedst\Dev\WebDesign\slb4\slb4\node_modules\esbuild-windows-64\esbuild.exe'

npm manifest: 
  {
    "name": "slb4",
    "private": true,
    "version": "0.0.0",
    "scripts": {
      "dev": "vite",
      "build": "vite build",
      "preview": "vite preview"
    },
    "dependencies": {
      "@mui/lab": "^5.0.0-alpha.78",
      "react": "^18.0.0",
      "react-dom": "^18.0.0"
    },
    "devDependencies": {
      "@types/react": "^18.0.0",
      "@types/react-dom": "^18.0.0",
      "@vitejs/plugin-react": "^1.3.0",
      "vite": "^2.9.5"
    }
  }

yarn manifest: 
  No manifest

Lockfile: 
  No lockfile
